<?xml version="1.0" encoding="UTF-8"?>
<!-- Generated by org.testng.reporters.JUnitReportReporter -->
<testsuite hostname="NAG1-LHP-N06944" failures="0" tests="1" name="testCases.Test1" time="0.007" errors="0" timestamp="2021-10-19T15:30:08 IST" skipped="0">
  <testcase classname="testCases.Test1" name="test1" time="0.007"/>
  <system-out/>
</testsuite> <!-- testCases.Test1 -->
