<?xml version="1.0" encoding="UTF-8"?>
<!-- Generated by org.testng.reporters.JUnitReportReporter -->
<testsuite hostname="NAG1-LHP-N06944" failures="0" tests="2" name="testCases.TC_VerifyHomePage" time="1.024" errors="0" timestamp="2021-10-04T21:02:58 IST" skipped="0">
  <testcase classname="testCases.TC_VerifyHomePage" name="verifyHomePageOfApplication" time="0.649"/>
  <system-out/>
  <testcase classname="testCases.TC_VerifyHomePage" name="verifyAllDropDownsOfHomePage" time="0.375"/>
  <system-out/>
</testsuite> <!-- testCases.TC_VerifyHomePage -->
