<?xml version="1.0" encoding="UTF-8"?>
<!-- Generated by org.testng.reporters.JUnitReportReporter -->
<testsuite hostname="NAG1-LHP-N06944" failures="0" tests="1" name="testCases.SimpleTest" time="0.003" errors="0" timestamp="2021-10-30T16:53:27 IST" skipped="0">
  <testcase classname="testCases.SimpleTest" name="simpleTest" time="0.003"/>
  <system-out/>
</testsuite> <!-- testCases.SimpleTest -->
