<?xml version="1.0" encoding="UTF-8"?>
<!-- Generated by org.testng.reporters.JUnitReportReporter -->
<testsuite hostname="NAG1-LHP-N06944" failures="0" tests="1" name="testCases.Base" time="0.128" errors="0" timestamp="2021-10-19T15:37:05 IST" skipped="0">
  <testcase classname="testCases.Base" name="test1" time="0.128"/>
  <system-out/>
</testsuite> <!-- testCases.Base -->
